<?xml version="1.0" encoding="UTF-8"?>
<!-- Generated by org.testng.reporters.JUnitXMLReporter -->
<testsuite ignored="0" hostname="DESKTOP-BUGKGO7" failures="1" tests="2" name="Login Tests" time="16.77" errors="0" timestamp="2025-05-06T20:41:17 IST">
  <testcase classname="com.opencart.tests.LoginTest" name="testLoginWithInvalidCredentials" time="1.191"/>
  <testcase classname="com.opencart.tests.LoginTest" name="testSuccessfulLogin" time="4.367">
    <failure type="java.lang.AssertionError" message="User should be logged in successfully expected [true] but found [false]">
      <![CDATA[java.lang.AssertionError: User should be logged in successfully expected [true] but found [false]
at com.opencart.tests.LoginTest.testSuccessfulLogin(LoginTest.java:47)
at java.base/java.util.ArrayList.forEach(ArrayList.java:1596)
... Removed 32 stack frames]]>
    </failure>
  </testcase> <!-- testSuccessfulLogin -->
</testsuite> <!-- Login Tests -->
